<?xml version="1.0" encoding="UTF-8"?>
<!-- Generated by org.testng.reporters.JUnitReportReporter -->
<testsuite hostname="Gurleen-96" failures="1" tests="5" name="com.naveenAutomationLabs.PageTests.LaptopsAndNotebooksPageTest" time="28.027" errors="0" timestamp="2024-07-08T16:15:28 EDT" skipped="2">
  <testcase classname="com.naveenAutomationLabs.PageTests.LaptopsAndNotebooksPageTest" name="addMacBookToTheWishList" time="6.406">
    <skipped/>
  </testcase> <!-- addMacBookToTheWishList -->
  <system-out/>
  <testcase classname="com.naveenAutomationLabs.PageTests.LaptopsAndNotebooksPageTest" name="addLaptopToTheWishList" time="7.661"/>
  <system-out/>
  <testcase classname="com.naveenAutomationLabs.PageTests.LaptopsAndNotebooksPageTest" name="removeLaptopFromTheWishList" time="6.979"/>
  <system-out/>
  <testcase classname="com.naveenAutomationLabs.PageTests.LaptopsAndNotebooksPageTest" name="removeMacBookFromTheWishList" time="5.397">
    <skipped/>
  </testcase> <!-- removeMacBookFromTheWishList -->
  <system-out/>
  <testcase classname="com.naveenAutomationLabs.PageTests.LaptopsAndNotebooksPageTest" name="addMacBookToTheWishList" time="1.584">
    <failure message="expected [Success: You have added MacBook to your wish list!] but found [Success: You have added HP LP3065 to your wish list!]" type="java.lang.AssertionError">
      <![CDATA[java.lang.AssertionError: expected [Success: You have added MacBook to your wish list!] but found [Success: You have added HP LP3065 to your wish list!]
at org.testng.Assert.fail(Assert.java:110)
at org.testng.Assert.failNotEquals(Assert.java:1413)
at org.testng.Assert.assertEqualsImpl(Assert.java:149)
at org.testng.Assert.assertEquals(Assert.java:131)
at org.testng.Assert.assertEquals(Assert.java:655)
at org.testng.Assert.assertEquals(Assert.java:665)
at com.naveenAutomationLabs.PageTests.LaptopsAndNotebooksPageTest.addMacBookToTheWishList(LaptopsAndNotebooksPageTest.java:43)
at java.base/jdk.internal.reflect.NativeMethodAccessorImpl.invoke0(Native Method)
at java.base/jdk.internal.reflect.NativeMethodAccessorImpl.invoke(NativeMethodAccessorImpl.java:77)
at java.base/jdk.internal.reflect.DelegatingMethodAccessorImpl.invoke(DelegatingMethodAccessorImpl.java:43)
at java.base/java.lang.reflect.Method.invoke(Method.java:568)
at org.testng.internal.invokers.MethodInvocationHelper.invokeMethod(MethodInvocationHelper.java:135)
at org.testng.internal.invokers.TestInvoker.invokeMethod(TestInvoker.java:673)
at org.testng.internal.invokers.TestInvoker.retryFailed(TestInvoker.java:262)
at org.testng.internal.invokers.MethodRunner.runInSequence(MethodRunner.java:62)
at org.testng.internal.invokers.TestInvoker$MethodInvocationAgent.invoke(TestInvoker.java:945)
at org.testng.internal.invokers.TestInvoker.invokeTestMethods(TestInvoker.java:193)
at org.testng.internal.invokers.TestMethodWorker.invokeTestMethods(TestMethodWorker.java:146)
at org.testng.internal.invokers.TestMethodWorker.run(TestMethodWorker.java:128)
at java.base/java.util.ArrayList.forEach(ArrayList.java:1511)
at org.testng.TestRunner.privateRun(TestRunner.java:808)
at org.testng.TestRunner.run(TestRunner.java:603)
at org.testng.SuiteRunner.runTest(SuiteRunner.java:429)
at org.testng.SuiteRunner.runSequentially(SuiteRunner.java:423)
at org.testng.SuiteRunner.privateRun(SuiteRunner.java:383)
at org.testng.SuiteRunner.run(SuiteRunner.java:326)
at org.testng.SuiteRunnerWorker.runSuite(SuiteRunnerWorker.java:52)
at org.testng.SuiteRunnerWorker.run(SuiteRunnerWorker.java:95)
at org.testng.TestNG.runSuitesSequentially(TestNG.java:1249)
at org.testng.TestNG.runSuitesLocally(TestNG.java:1169)
at org.testng.TestNG.runSuites(TestNG.java:1092)
at org.testng.TestNG.run(TestNG.java:1060)
at org.testng.remote.AbstractRemoteTestNG.run(AbstractRemoteTestNG.java:115)
at org.testng.remote.RemoteTestNG.initAndRun(RemoteTestNG.java:293)
at org.testng.remote.RemoteTestNG.main(RemoteTestNG.java:91)
]]>
    </failure>
  </testcase> <!-- addMacBookToTheWishList -->
  <system-out/>
</testsuite> <!-- com.naveenAutomationLabs.PageTests.LaptopsAndNotebooksPageTest -->
