<?xml version="1.0" encoding="UTF-8"?>
<!-- Generated by org.testng.reporters.JUnitReportReporter -->
<testsuite hostname="Gurleen-96" failures="0" tests="2" name="com.naveenAutomationLabs.PageTests.AddressBookPageTest" time="18.431" errors="0" timestamp="2024-07-08T16:15:28 EDT" skipped="0">
  <testcase classname="com.naveenAutomationLabs.PageTests.AddressBookPageTest" name="deleteAddressFromAddressBookEntries" time="9.040"/>
  <system-out/>
  <testcase classname="com.naveenAutomationLabs.PageTests.AddressBookPageTest" name="addNewAddressToAddressBookEntries" time="9.391"/>
  <system-out/>
</testsuite> <!-- com.naveenAutomationLabs.PageTests.AddressBookPageTest -->
