<?xml version="1.0" encoding="UTF-8"?>
<!-- Generated by org.testng.reporters.JUnitReportReporter -->
<testsuite hostname="Gurleen-96" failures="0" tests="4" name="com.navneenAutomationLabs.PageTests.MyWishListPageTest" time="40.723" errors="0" timestamp="2024-06-24T19:56:18 GMT-04:00" skipped="0">
  <testcase classname="com.navneenAutomationLabs.PageTests.MyWishListPageTest" name="removeLaptopFromTheWishList" time="9.418"/>
  <system-out/>
  <testcase classname="com.navneenAutomationLabs.PageTests.MyWishListPageTest" name="addLaptopToTheWishList" time="9.875"/>
  <system-out/>
  <testcase classname="com.navneenAutomationLabs.PageTests.MyWishListPageTest" name="removeMacbookFromTheWishList" time="11.553"/>
  <system-out/>
  <testcase classname="com.navneenAutomationLabs.PageTests.MyWishListPageTest" name="addMacbookToTheWishList" time="9.877"/>
  <system-out/>
</testsuite> <!-- com.navneenAutomationLabs.PageTests.MyWishListPageTest -->
