<?xml version="1.0" encoding="UTF-8"?>
<!-- Generated by org.testng.reporters.JUnitReportReporter -->
<testsuite hostname="Gurleen-96" failures="0" tests="2" name="com.navneenAutomationLabs.PageTests.AddressBookPageTest" time="19.826" errors="0" timestamp="2024-06-24T18:21:15 GMT-04:00" skipped="0">
  <testcase classname="com.navneenAutomationLabs.PageTests.AddressBookPageTest" name="addNewAddressToAddressBookEntries" time="12.385"/>
  <system-out/>
  <testcase classname="com.navneenAutomationLabs.PageTests.AddressBookPageTest" name="deleteAddressFromAddressBookEntries" time="7.441"/>
  <system-out/>
</testsuite> <!-- com.navneenAutomationLabs.PageTests.AddressBookPageTest -->
