<?xml version="1.0" encoding="UTF-8"?>
<!-- Generated by org.testng.reporters.JUnitReportReporter -->
<testsuite hostname="Gurleen-96" failures="0" tests="2" name="com.navneenAutomationLabs.PageTests.NewsletterSubscriptionPageTest" time="19.654" errors="0" timestamp="2024-07-01T19:37:13 GMT-04:00" skipped="0">
  <testcase classname="com.navneenAutomationLabs.PageTests.NewsletterSubscriptionPageTest" name="subscribeNewsLetter" time="8.771"/>
  <system-out/>
  <testcase classname="com.navneenAutomationLabs.PageTests.NewsletterSubscriptionPageTest" name="unSubscribeNewsLetter" time="10.883"/>
  <system-out/>
</testsuite> <!-- com.navneenAutomationLabs.PageTests.NewsletterSubscriptionPageTest -->
