<?xml version="1.0" encoding="UTF-8"?>
<!-- Generated by org.testng.reporters.JUnitReportReporter -->
<testsuite hostname="Gurleen-96" failures="0" tests="4" name="com.naveenAutomationLabs.PageTests.AccountLoginPageTest" time="19.650" errors="0" timestamp="2024-07-08T16:15:28 EDT" skipped="0">
  <testcase classname="com.naveenAutomationLabs.PageTests.AccountLoginPageTest" name="validateLoginWithValidCredentials" time="4.982"/>
  <system-out/>
  <testcase classname="com.naveenAutomationLabs.PageTests.AccountLoginPageTest" name="validateLoginWithInValidCredentials" time="4.441"/>
  <system-out/>
  <testcase classname="com.naveenAutomationLabs.PageTests.AccountLoginPageTest" name="validateForgetPwdFunctionality" time="5.561"/>
  <system-out/>
  <testcase classname="com.naveenAutomationLabs.PageTests.AccountLoginPageTest" name="validateLoginWithValidCredentials" time="4.666"/>
  <system-out/>
</testsuite> <!-- com.naveenAutomationLabs.PageTests.AccountLoginPageTest -->
