<?xml version="1.0" encoding="UTF-8"?>
<!-- Generated by org.testng.reporters.JUnitReportReporter -->
<testsuite hostname="Gurleen-96" failures="0" tests="1" name="com.navneenAutomationLabs.PageTests.AffiliateInformationPageTest" time="10.424" errors="0" timestamp="2024-06-24T18:01:16 GMT-04:00" skipped="0">
  <testcase classname="com.navneenAutomationLabs.PageTests.AffiliateInformationPageTest" name="editAffilaiteAccountInformation" time="10.424"/>
  <system-out/>
</testsuite> <!-- com.navneenAutomationLabs.PageTests.AffiliateInformationPageTest -->
