<?xml version="1.0" encoding="UTF-8"?>
<!-- Generated by org.testng.reporters.JUnitReportReporter -->
<testsuite hostname="Gurleen-96" failures="0" tests="1" name="com.naveenAutomationLabs.PageTests.ContactUsPageTest" time="6.887" errors="0" timestamp="2024-07-08T16:15:28 EDT" skipped="0">
  <testcase classname="com.naveenAutomationLabs.PageTests.ContactUsPageTest" name="submitContactUsForm" time="6.887"/>
  <system-out/>
</testsuite> <!-- com.naveenAutomationLabs.PageTests.ContactUsPageTest -->
