<?xml version="1.0" encoding="UTF-8"?>
<!-- Generated by org.testng.reporters.JUnitReportReporter -->
<testsuite hostname="Gurleen-96" failures="0" tests="1" name="com.navneenAutomationLabs.PageTests.MyAccountInformationPageTest" time="15.366" errors="0" timestamp="2024-06-24T19:54:55 GMT-04:00" skipped="0">
  <testcase classname="com.navneenAutomationLabs.PageTests.MyAccountInformationPageTest" name="editMyAccountInformation" time="15.366"/>
  <system-out/>
</testsuite> <!-- com.navneenAutomationLabs.PageTests.MyAccountInformationPageTest -->
