<?xml version="1.0" encoding="UTF-8"?>
<!-- Generated by org.testng.reporters.JUnitReportReporter -->
<testsuite hostname="Gurleen-96" failures="0" tests="1" name="com.navneenAutomationLabs.PageTests.AddressBookPageTest" time="12.499" errors="0" timestamp="2024-07-01T18:46:05 GMT-04:00" skipped="0">
  <testcase classname="com.navneenAutomationLabs.PageTests.AddressBookPageTest" name="addNewAddressToAddressBookEntries" time="12.499"/>
  <system-out/>
</testsuite> <!-- com.navneenAutomationLabs.PageTests.AddressBookPageTest -->
