<?xml version="1.0" encoding="UTF-8"?>
<!-- Generated by org.testng.reporters.JUnitReportReporter -->
<testsuite hostname="Gurleen-96" failures="0" tests="1" name="com.naveenAutomationLabs.PageTests.MyWishListPageTest" time="8.464" errors="0" timestamp="2024-07-07T23:15:55 GMT-04:00" skipped="0">
  <testcase classname="com.naveenAutomationLabs.PageTests.MyWishListPageTest" name="addLaptopToTheWishList" time="8.464"/>
  <system-out/>
</testsuite> <!-- com.naveenAutomationLabs.PageTests.MyWishListPageTest -->
