<?xml version="1.0" encoding="UTF-8"?>
<!-- Generated by org.testng.reporters.JUnitReportReporter -->
<testsuite hostname="Gurleen-96" failures="0" tests="1" name="com.navneenAutomationLabs.PageTests.LaptopsAndNotebookPageTest" time="39.252" errors="0" timestamp="2024-06-24T16:11:16 GMT-04:00" skipped="0">
  <testcase classname="com.navneenAutomationLabs.PageTests.LaptopsAndNotebookPageTest" name="addProductsToTheWishList" time="39.252"/>
  <system-out/>
</testsuite> <!-- com.navneenAutomationLabs.PageTests.LaptopsAndNotebookPageTest -->
