<?xml version="1.0" encoding="UTF-8"?>
<!-- Generated by org.testng.reporters.JUnitReportReporter -->
<testsuite hostname="Gurleen-96" failures="0" tests="4" name="com.navneenAutomationLabs.PageTests.MyWishListPageTest" time="32.768" errors="0" timestamp="2024-06-24T18:34:08 GMT-04:00" skipped="0">
  <testcase classname="com.navneenAutomationLabs.PageTests.MyWishListPageTest" name="addMacbookToTheWishList" time="7.969"/>
  <system-out/>
  <testcase classname="com.navneenAutomationLabs.PageTests.MyWishListPageTest" name="addLaptopToTheWishList" time="7.888"/>
  <system-out/>
  <testcase classname="com.navneenAutomationLabs.PageTests.MyWishListPageTest" name="removeMacbookFromTheWishList" time="8.972"/>
  <system-out/>
  <testcase classname="com.navneenAutomationLabs.PageTests.MyWishListPageTest" name="removeLaptopFromTheWishList" time="7.939"/>
  <system-out/>
</testsuite> <!-- com.navneenAutomationLabs.PageTests.MyWishListPageTest -->
