<?xml version="1.0" encoding="UTF-8"?>
<!-- Generated by org.testng.reporters.JUnitReportReporter -->
<testsuite hostname="Gurleen-96" failures="0" tests="2" name="com.navneenAutomationLabs.PageTests.NewsletterSubscriptionPageTest" time="17.585" errors="0" timestamp="2024-06-24T18:04:35 GMT-04:00" skipped="0">
  <testcase classname="com.navneenAutomationLabs.PageTests.NewsletterSubscriptionPageTest" name="subscribeNewsLetter" time="9.699"/>
  <system-out/>
  <testcase classname="com.navneenAutomationLabs.PageTests.NewsletterSubscriptionPageTest" name="unSubscribeNewsLetter" time="7.886"/>
  <system-out/>
</testsuite> <!-- com.navneenAutomationLabs.PageTests.NewsletterSubscriptionPageTest -->
