<?xml version="1.0" encoding="UTF-8"?>
<!-- Generated by org.testng.reporters.JUnitReportReporter -->
<testsuite hostname="Gurleen-96" failures="0" tests="3" name="com.navneenAutomationLabs.PageTests.AccountLoginPageTest" time="21.329" errors="0" timestamp="2024-06-24T17:58:23 GMT-04:00" skipped="0">
  <testcase classname="com.navneenAutomationLabs.PageTests.AccountLoginPageTest" name="validateForgetPwdFunctionality" time="9.658"/>
  <system-out/>
  <testcase classname="com.navneenAutomationLabs.PageTests.AccountLoginPageTest" name="validateLoginWithValidCredentials" time="5.887"/>
  <system-out/>
  <testcase classname="com.navneenAutomationLabs.PageTests.AccountLoginPageTest" name="validateLoginWithInValidCredentials" time="5.784"/>
  <system-out/>
</testsuite> <!-- com.navneenAutomationLabs.PageTests.AccountLoginPageTest -->
