<?xml version="1.0" encoding="UTF-8"?>
<!-- Generated by org.testng.reporters.JUnitReportReporter -->
<testsuite hostname="Gurleen-96" failures="0" tests="2" name="com.naveenAutomationLabs.PageTests.NewsletterSubscriptionPageTest" time="12.228" errors="0" timestamp="2024-07-08T16:15:28 EDT" skipped="0">
  <testcase classname="com.naveenAutomationLabs.PageTests.NewsletterSubscriptionPageTest" name="subscribeNewsLetter" time="6.212"/>
  <system-out/>
  <testcase classname="com.naveenAutomationLabs.PageTests.NewsletterSubscriptionPageTest" name="unSubscribeNewsLetter" time="6.016"/>
  <system-out/>
</testsuite> <!-- com.naveenAutomationLabs.PageTests.NewsletterSubscriptionPageTest -->
