<?xml version="1.0" encoding="UTF-8"?>
<!-- Generated by org.testng.reporters.JUnitReportReporter -->
<testsuite hostname="Gurleen-96" failures="0" tests="3" name="com.naveenAutomationLabs.PageTests.AffiliateInformationPageTest" time="20.874" errors="0" timestamp="2024-07-08T16:15:28 EDT" skipped="0">
  <testcase classname="com.naveenAutomationLabs.PageTests.AffiliateInformationPageTest" name="modifyBankPaymentMethod" time="7.067"/>
  <system-out/>
  <testcase classname="com.naveenAutomationLabs.PageTests.AffiliateInformationPageTest" name="modifyPayPalPaymentMethod" time="6.987"/>
  <system-out/>
  <testcase classname="com.naveenAutomationLabs.PageTests.AffiliateInformationPageTest" name="modifyChequePaymentMethod" time="6.820"/>
  <system-out/>
</testsuite> <!-- com.naveenAutomationLabs.PageTests.AffiliateInformationPageTest -->
