<?xml version="1.0" encoding="UTF-8"?>
<!-- Generated by org.testng.reporters.JUnitReportReporter -->
<testsuite hostname="Gurleen-96" failures="0" tests="1" name="com.naveenAutomationLabs.PageTests.ChangePasswordPageTest" time="6.463" errors="0" timestamp="2024-07-08T16:15:28 EDT" skipped="0">
  <testcase classname="com.naveenAutomationLabs.PageTests.ChangePasswordPageTest" name="changeAccountPassword" time="6.463"/>
  <system-out/>
</testsuite> <!-- com.naveenAutomationLabs.PageTests.ChangePasswordPageTest -->
