<?xml version="1.0" encoding="UTF-8"?>
<!-- Generated by org.testng.reporters.JUnitReportReporter -->
<testsuite hostname="Gurleen-96" failures="0" tests="1" name="com.navneenAutomationLabs.PageTests.ChangePasswordPageTest" time="9.550" errors="0" timestamp="2024-06-24T18:02:02 GMT-04:00" skipped="0">
  <testcase classname="com.navneenAutomationLabs.PageTests.ChangePasswordPageTest" name="changeAccountPassword" time="9.550"/>
  <system-out/>
</testsuite> <!-- com.navneenAutomationLabs.PageTests.ChangePasswordPageTest -->
